<?xml version="1.0" encoding="UTF-8"?>
<!-- Generated by org.testng.reporters.JUnitReportReporter -->
<testsuite hostname="LAPTOP-7D8OLH25" failures="0" tests="2" name="DemoTestNG.ConfigurationAnnotation_ListBox" time="0.009" errors="0" timestamp="11 Aug 2023 05:30:55 GMT" skipped="0">
  <testcase classname="DemoTestNG.ConfigurationAnnotation_ListBox" name="testMethod_3_ListBox" time="0.003"/>
  <testcase classname="DemoTestNG.ConfigurationAnnotation_ListBox" name="testMethod_4_ListBox" time="0.006"/>
</testsuite> <!-- DemoTestNG.ConfigurationAnnotation_ListBox -->
