<?xml version="1.0" encoding="UTF-8"?>
<!-- Generated by org.testng.reporters.JUnitReportReporter -->
<testsuite hostname="LAPTOP-7D8OLH25" failures="0" tests="2" name="SeleniumTestNGPackage.WindowHandler" time="8.871" errors="0" timestamp="16 Aug 2023 12:26:52 GMT" skipped="0">
  <testcase classname="SeleniumTestNGPackage.WindowHandler" name="testCase1_openParentWindow" time="2.134"/>
  <testcase classname="SeleniumTestNGPackage.WindowHandler" name="testCase2_openChildWindow" time="6.737"/>
</testsuite> <!-- SeleniumTestNGPackage.WindowHandler -->
