<?xml version="1.0" encoding="UTF-8"?>
<!-- Generated by org.testng.reporters.JUnitReportReporter -->
<testsuite hostname="LAPTOP-7D8OLH25" failures="0" tests="1" name="SeleniumTestNGPackage.findWebElements" time="0.327" errors="0" timestamp="12 Aug 2023 07:32:47 GMT" skipped="0">
  <testcase classname="SeleniumTestNGPackage.findWebElements" name="test1" time="0.327"/>
</testsuite> <!-- SeleniumTestNGPackage.findWebElements -->
