<?xml version="1.0" encoding="UTF-8"?>
<!-- Generated by org.testng.reporters.JUnitReportReporter -->
<testsuite hostname="LAPTOP-7D8OLH25" failures="0" tests="4" name="SeleniumTestNGPackage.LaunchBrowser" time="26.131" errors="0" timestamp="14 Aug 2023 15:59:07 GMT" skipped="0">
  <testcase classname="SeleniumTestNGPackage.LaunchBrowser" name="test_case4_verify_search_user" time="9.167"/>
  <testcase classname="SeleniumTestNGPackage.LaunchBrowser" name="test_case2_verify_login" time="6.163"/>
  <testcase classname="SeleniumTestNGPackage.LaunchBrowser" name="test_case1_verify_title" time="0.016"/>
  <testcase classname="SeleniumTestNGPackage.LaunchBrowser" name="test_case3_verify_admin" time="10.785"/>
</testsuite> <!-- SeleniumTestNGPackage.LaunchBrowser -->
