<?xml version="1.0" encoding="UTF-8"?>
<!-- Generated by org.testng.reporters.JUnitReportReporter -->
<testsuite hostname="LAPTOP-7D8OLH25" failures="0" tests="3" name="SeleniumTestNGPackage.FileUploadWindowScreenshot" time="0.689" errors="0" timestamp="17 Aug 2023 10:45:11 GMT" skipped="0">
  <testcase classname="SeleniumTestNGPackage.FileUploadWindowScreenshot" name="screenShotFullPage" time="0.295"/>
  <testcase classname="SeleniumTestNGPackage.FileUploadWindowScreenshot" name="fileUpload" time="0.076"/>
  <testcase classname="SeleniumTestNGPackage.FileUploadWindowScreenshot" name="screenShotsection" time="0.318"/>
</testsuite> <!-- SeleniumTestNGPackage.FileUploadWindowScreenshot -->
