<?xml version="1.0" encoding="UTF-8"?>
<!-- Generated by org.testng.reporters.JUnitReportReporter -->
<testsuite hostname="LAPTOP-7D8OLH25" failures="0" tests="1" name="SeleniumTestNGPackage.AlertHandling" time="0.095" errors="0" timestamp="17 Aug 2023 10:15:55 GMT" skipped="0">
  <testcase classname="SeleniumTestNGPackage.AlertHandling" name="testCase1_alert" time="0.095"/>
</testsuite> <!-- SeleniumTestNGPackage.AlertHandling -->
