<?xml version="1.0" encoding="UTF-8"?>
<!-- Generated by org.testng.reporters.JUnitReportReporter -->
<testsuite hostname="LAPTOP-7D8OLH25" failures="0" tests="2" name="DemoTestNG.ConfigurationAnnotation_DatePicker" time="0.011" errors="0" timestamp="11 Aug 2023 05:30:55 GMT" skipped="0">
  <testcase classname="DemoTestNG.ConfigurationAnnotation_DatePicker" name="testMethod_2_DatePicker" time="0.003"/>
  <testcase classname="DemoTestNG.ConfigurationAnnotation_DatePicker" name="testMethod_1_DatePicker" time="0.008"/>
</testsuite> <!-- DemoTestNG.ConfigurationAnnotation_DatePicker -->
