<?xml version="1.0" encoding="UTF-8"?>
<!-- Generated by org.testng.reporters.JUnitReportReporter -->
<testsuite hostname="LAPTOP-7D8OLH25" failures="0" tests="2" name="SeleniumTestNGPackage.FileUpload2WindowScreenshot" time="13.794" errors="0" timestamp="17 Aug 2023 12:20:20 GMT" skipped="0">
  <testcase classname="SeleniumTestNGPackage.FileUpload2WindowScreenshot" name="test_case_MyInfo" time="13.573"/>
  <testcase classname="SeleniumTestNGPackage.FileUpload2WindowScreenshot" name="screenShotFullPage" time="0.221"/>
</testsuite> <!-- SeleniumTestNGPackage.FileUpload2WindowScreenshot -->
