<?xml version="1.0" encoding="UTF-8"?>
<!-- Generated by org.testng.reporters.JUnitReportReporter -->
<testsuite hostname="LAPTOP-7D8OLH25" failures="0" tests="1" name="SeleniumTestNGPackage.SelectClassTutorial" time="2.928" errors="0" timestamp="15 Aug 2023 07:43:59 GMT" skipped="0">
  <testcase classname="SeleniumTestNGPackage.SelectClassTutorial" name="test1_selectCategory" time="2.928"/>
</testsuite> <!-- SeleniumTestNGPackage.SelectClassTutorial -->
