<?xml version="1.0" encoding="UTF-8"?>
<!-- Generated by org.testng.reporters.JUnitReportReporter -->
<testsuite hostname="LAPTOP-7D8OLH25" failures="0" tests="1" name="SeleniumTestNGPackage.FileUploadWindow" time="0.083" errors="0" timestamp="17 Aug 2023 10:27:22 GMT" skipped="0">
  <testcase classname="SeleniumTestNGPackage.FileUploadWindow" name="fileUpload" time="0.083"/>
</testsuite> <!-- SeleniumTestNGPackage.FileUploadWindow -->
