<?xml version="1.0" encoding="UTF-8"?>
<!-- Generated by org.testng.reporters.JUnitReportReporter -->
<testsuite hostname="LAPTOP-7D8OLH25" failures="0" tests="1" name="SeleniumTestNGPackage.DatePickers" time="2.313" errors="0" timestamp="16 Aug 2023 10:00:42 GMT" skipped="0">
  <testcase classname="SeleniumTestNGPackage.DatePickers" name="test_case1_fromDate" time="2.313"/>
</testsuite> <!-- SeleniumTestNGPackage.DatePickers -->
